[2019-07-02 13:30:37,390] ERROR {org.wso2.carbon.ndatasource.core.internal.DataSourceServiceComponent} -  Error in intializing system data sources: Error in initializing system data sources: Error in initializing system data sources at '/home/wso2carbon/wso2ei-6.4.0/conf/datasources/esb-datasources.xml' - Error in creating an XML document from file: The entity name must immediately follow the '&' in the entity reference.
org.wso2.carbon.ndatasource.common.DataSourceException: Error in initializing system data sources: Error in initializing system data sources at '/home/wso2carbon/wso2ei-6.4.0/conf/datasources/esb-datasources.xml' - Error in creating an XML document from file: The entity name must immediately follow the '&' in the entity reference.
	at org.wso2.carbon.ndatasource.core.DataSourceManager.initSystemDataSources(DataSourceManager.java:169)
	at org.wso2.carbon.ndatasource.core.internal.DataSourceServiceComponent.initSystemDataSources(DataSourceServiceComponent.java:213)
	at org.wso2.carbon.ndatasource.core.internal.DataSourceServiceComponent.setSecretCallbackHandlerService(DataSourceServiceComponent.java:199)
	at sun.reflect.NativeMethodAccessorImpl.invoke0(Native Method)
	at sun.reflect.NativeMethodAccessorImpl.invoke(NativeMethodAccessorImpl.java:62)
	at sun.reflect.DelegatingMethodAccessorImpl.invoke(DelegatingMethodAccessorImpl.java:43)
	at java.lang.reflect.Method.invoke(Method.java:498)
	at org.eclipse.equinox.internal.ds.model.ComponentReference.bind(ComponentReference.java:376)
	at org.eclipse.equinox.internal.ds.model.ServiceComponentProp.bindReference(ServiceComponentProp.java:430)
	at org.eclipse.equinox.internal.ds.model.ServiceComponentProp.bind(ServiceComponentProp.java:218)
	at org.eclipse.equinox.internal.ds.model.ServiceComponentProp.build(ServiceComponentProp.java:343)
	at org.eclipse.equinox.internal.ds.InstanceProcess.buildComponent(InstanceProcess.java:620)
	at org.eclipse.equinox.internal.ds.InstanceProcess.buildComponents(InstanceProcess.java:197)
	at org.eclipse.equinox.internal.ds.Resolver.getEligible(Resolver.java:343)
	at org.eclipse.equinox.internal.ds.SCRManager.serviceChanged(SCRManager.java:222)
	at org.eclipse.osgi.internal.serviceregistry.FilteredServiceListener.serviceChanged(FilteredServiceListener.java:107)
	at org.eclipse.osgi.framework.internal.core.BundleContextImpl.dispatchEvent(BundleContextImpl.java:861)
	at org.eclipse.osgi.framework.eventmgr.EventManager.dispatchEvent(EventManager.java:230)
	at org.eclipse.osgi.framework.eventmgr.ListenerQueue.dispatchEventSynchronous(ListenerQueue.java:148)
	at org.eclipse.osgi.internal.serviceregistry.ServiceRegistry.publishServiceEventPrivileged(ServiceRegistry.java:819)
	at org.eclipse.osgi.internal.serviceregistry.ServiceRegistry.publishServiceEvent(ServiceRegistry.java:771)
	at org.eclipse.osgi.internal.serviceregistry.ServiceRegistrationImpl.register(ServiceRegistrationImpl.java:130)
	at org.eclipse.osgi.internal.serviceregistry.ServiceRegistry.registerService(ServiceRegistry.java:214)
	at org.eclipse.osgi.framework.internal.core.BundleContextImpl.registerService(BundleContextImpl.java:433)
	at org.eclipse.osgi.framework.internal.core.BundleContextImpl.registerService(BundleContextImpl.java:451)
	at org.wso2.carbon.securevault.internal.SecretManagerInitializerComponent.activate(SecretManagerInitializerComponent.java:48)
	at sun.reflect.NativeMethodAccessorImpl.invoke0(Native Method)
	at sun.reflect.NativeMethodAccessorImpl.invoke(NativeMethodAccessorImpl.java:62)
	at sun.reflect.DelegatingMethodAccessorImpl.invoke(DelegatingMethodAccessorImpl.java:43)
	at java.lang.reflect.Method.invoke(Method.java:498)
	at org.eclipse.equinox.internal.ds.model.ServiceComponent.activate(ServiceComponent.java:260)
	at org.eclipse.equinox.internal.ds.model.ServiceComponentProp.activate(ServiceComponentProp.java:146)
	at org.eclipse.equinox.internal.ds.model.ServiceComponentProp.build(ServiceComponentProp.java:345)
	at org.eclipse.equinox.internal.ds.InstanceProcess.buildComponent(InstanceProcess.java:620)
	at org.eclipse.equinox.internal.ds.InstanceProcess.buildComponents(InstanceProcess.java:197)
	at org.eclipse.equinox.internal.ds.Resolver.buildNewlySatisfied(Resolver.java:473)
	at org.eclipse.equinox.internal.ds.Resolver.enableComponents(Resolver.java:217)
	at org.eclipse.equinox.internal.ds.SCRManager.performWork(SCRManager.java:816)
	at org.eclipse.equinox.internal.ds.SCRManager$QueuedJob.dispatch(SCRManager.java:783)
	at org.eclipse.equinox.internal.ds.WorkThread.run(WorkThread.java:89)
	at java.lang.Thread.run(Thread.java:748)
Caused by: org.wso2.carbon.ndatasource.common.DataSourceException: Error in initializing system data sources at '/home/wso2carbon/wso2ei-6.4.0/conf/datasources/esb-datasources.xml' - Error in creating an XML document from file: The entity name must immediately follow the '&' in the entity reference.
	at org.wso2.carbon.ndatasource.core.DataSourceManager.initSystemDataSource(DataSourceManager.java:189)
	at org.wso2.carbon.ndatasource.core.DataSourceManager.initSystemDataSources(DataSourceManager.java:164)
	... 40 more
Caused by: org.wso2.carbon.ndatasource.common.DataSourceException: Error in creating an XML document from file: The entity name must immediately follow the '&' in the entity reference.
	at org.wso2.carbon.ndatasource.core.utils.DataSourceUtils.convertToDocument(DataSourceUtils.java:256)
	at org.wso2.carbon.ndatasource.core.DataSourceManager.initSystemDataSource(DataSourceManager.java:176)
	... 41 more
Caused by: org.xml.sax.SAXParseException: The entity name must immediately follow the '&' in the entity reference.
	at org.apache.xerces.parsers.DOMParser.parse(Unknown Source)
	at org.apache.xerces.jaxp.DocumentBuilderImpl.parse(Unknown Source)
	at javax.xml.parsers.DocumentBuilder.parse(Unknown Source)
	at org.wso2.carbon.ndatasource.core.utils.DataSourceUtils.convertToDocument(DataSourceUtils.java:253)
	... 42 more
[2019-07-02 13:30:39,622] ERROR {org.wso2.carbon.registry.core.utils.AuthorizationUtils} -  Could not set authorizations for the root. 
Caused by: Error! Error occurred while getting UI permission ID for resource id : / & action : http://www.wso2.org/projects/registry/actions/get
org.wso2.carbon.user.core.UserStoreException: Error! Error occurred while getting UI permission ID for resource id : / & action : http://www.wso2.org/projects/registry/actions/get
	at org.wso2.carbon.user.core.authorization.JDBCAuthorizationManager.callSecure(JDBCAuthorizationManager.java:1434)
	at org.wso2.carbon.user.core.authorization.JDBCAuthorizationManager.authorizeRole(JDBCAuthorizationManager.java:511)
	at org.wso2.carbon.registry.core.jdbc.realm.RegistryAuthorizationManager.authorizeRole(RegistryAuthorizationManager.java:161)
	at org.wso2.carbon.registry.core.utils.AuthorizationUtils.setRootAuthorizations(AuthorizationUtils.java:274)
	at org.wso2.carbon.registry.core.session.UserRegistry.addRootCollection(UserRegistry.java:404)
	at org.wso2.carbon.registry.core.session.UserRegistry.init(UserRegistry.java:328)
	at org.wso2.carbon.registry.core.session.UserRegistry.access$100(UserRegistry.java:61)
	at org.wso2.carbon.registry.core.session.UserRegistry$2.run(UserRegistry.java:249)
	at java.security.AccessController.doPrivileged(Native Method)
	at org.wso2.carbon.registry.core.session.UserRegistry.<init>(UserRegistry.java:246)
	at org.wso2.carbon.registry.core.session.UserRegistry.<init>(UserRegistry.java:225)
	at org.wso2.carbon.registry.core.jdbc.EmbeddedRegistryService.getUserRegistry(EmbeddedRegistryService.java:427)
	at org.wso2.carbon.registry.core.jdbc.EmbeddedRegistryService.getSystemRegistry(EmbeddedRegistryService.java:292)
	at org.wso2.carbon.registry.core.jdbc.EmbeddedRegistryService.getSystemRegistry(EmbeddedRegistryService.java:276)
	at org.wso2.carbon.registry.core.jdbc.EmbeddedRegistryService.getSystemRegistry(EmbeddedRegistryService.java:262)
	at org.wso2.carbon.registry.core.jdbc.EmbeddedRegistryService.configure(EmbeddedRegistryService.java:219)
	at org.wso2.carbon.registry.core.jdbc.EmbeddedRegistryService.<init>(EmbeddedRegistryService.java:99)
	at org.wso2.carbon.registry.core.internal.RegistryCoreServiceComponent.getEmbeddedRegistryService(RegistryCoreServiceComponent.java:604)
	at org.wso2.carbon.registry.core.internal.RegistryCoreServiceComponent.buildRegistryService(RegistryCoreServiceComponent.java:526)
	at org.wso2.carbon.registry.core.internal.RegistryCoreServiceComponent.activate(RegistryCoreServiceComponent.java:130)
	at sun.reflect.NativeMethodAccessorImpl.invoke0(Native Method)
	at sun.reflect.NativeMethodAccessorImpl.invoke(NativeMethodAccessorImpl.java:62)
	at sun.reflect.DelegatingMethodAccessorImpl.invoke(DelegatingMethodAccessorImpl.java:43)
	at java.lang.reflect.Method.invoke(Method.java:498)
	at org.eclipse.equinox.internal.ds.model.ServiceComponent.activate(ServiceComponent.java:260)
	at org.eclipse.equinox.internal.ds.model.ServiceComponentProp.activate(ServiceComponentProp.java:146)
	at org.eclipse.equinox.internal.ds.model.ServiceComponentProp.build(ServiceComponentProp.java:345)
	at org.eclipse.equinox.internal.ds.InstanceProcess.buildComponent(InstanceProcess.java:620)
	at org.eclipse.equinox.internal.ds.InstanceProcess.buildComponents(InstanceProcess.java:197)
	at org.eclipse.equinox.internal.ds.Resolver.getEligible(Resolver.java:343)
	at org.eclipse.equinox.internal.ds.SCRManager.serviceChanged(SCRManager.java:222)
	at org.eclipse.osgi.internal.serviceregistry.FilteredServiceListener.serviceChanged(FilteredServiceListener.java:107)
	at org.eclipse.osgi.framework.internal.core.BundleContextImpl.dispatchEvent(BundleContextImpl.java:861)
	at org.eclipse.osgi.framework.eventmgr.EventManager.dispatchEvent(EventManager.java:230)
	at org.eclipse.osgi.framework.eventmgr.ListenerQueue.dispatchEventSynchronous(ListenerQueue.java:148)
	at org.eclipse.osgi.internal.serviceregistry.ServiceRegistry.publishServiceEventPrivileged(ServiceRegistry.java:819)
	at org.eclipse.osgi.internal.serviceregistry.ServiceRegistry.publishServiceEvent(ServiceRegistry.java:771)
	at org.eclipse.osgi.internal.serviceregistry.ServiceRegistrationImpl.register(ServiceRegistrationImpl.java:130)
	at org.eclipse.osgi.internal.serviceregistry.ServiceRegistry.registerService(ServiceRegistry.java:214)
	at org.eclipse.osgi.framework.internal.core.BundleContextImpl.registerService(BundleContextImpl.java:433)
	at org.wso2.carbon.user.core.internal.Activator.startDeploy(Activator.java:73)
	at org.wso2.carbon.user.core.internal.BundleCheckActivator.start(BundleCheckActivator.java:61)
	at org.eclipse.osgi.framework.internal.core.BundleContextImpl$1.run(BundleContextImpl.java:711)
	at java.security.AccessController.doPrivileged(Native Method)
	at org.eclipse.osgi.framework.internal.core.BundleContextImpl.startActivator(BundleContextImpl.java:702)
	at org.eclipse.osgi.framework.internal.core.BundleContextImpl.start(BundleContextImpl.java:683)
	at org.eclipse.osgi.framework.internal.core.BundleHost.startWorker(BundleHost.java:381)
	at org.eclipse.osgi.framework.internal.core.AbstractBundle.resume(AbstractBundle.java:390)
	at org.eclipse.osgi.framework.internal.core.Framework.resumeBundle(Framework.java:1176)
	at org.eclipse.osgi.framework.internal.core.StartLevelManager.resumeBundles(StartLevelManager.java:559)
	at org.eclipse.osgi.framework.internal.core.StartLevelManager.resumeBundles(StartLevelManager.java:544)
	at org.eclipse.osgi.framework.internal.core.StartLevelManager.incFWSL(StartLevelManager.java:457)
	at org.eclipse.osgi.framework.internal.core.StartLevelManager.doSetStartLevel(StartLevelManager.java:243)
	at org.eclipse.osgi.framework.internal.core.StartLevelManager.dispatchEvent(StartLevelManager.java:438)
	at org.eclipse.osgi.framework.internal.core.StartLevelManager.dispatchEvent(StartLevelManager.java:1)
	at org.eclipse.osgi.framework.eventmgr.EventManager.dispatchEvent(EventManager.java:230)
	at org.eclipse.osgi.framework.eventmgr.EventManager$EventThread.run(EventManager.java:340)
Caused by: java.security.PrivilegedActionException: java.lang.reflect.InvocationTargetException
	at java.security.AccessController.doPrivileged(Native Method)
	at org.wso2.carbon.user.core.authorization.JDBCAuthorizationManager.callSecure(JDBCAuthorizationManager.java:1424)
	... 56 more
Caused by: java.lang.reflect.InvocationTargetException
	at sun.reflect.NativeMethodAccessorImpl.invoke0(Native Method)
	at sun.reflect.NativeMethodAccessorImpl.invoke(NativeMethodAccessorImpl.java:62)
	at sun.reflect.DelegatingMethodAccessorImpl.invoke(DelegatingMethodAccessorImpl.java:43)
	at java.lang.reflect.Method.invoke(Method.java:498)
	at org.wso2.carbon.user.core.authorization.JDBCAuthorizationManager$2.run(JDBCAuthorizationManager.java:1427)
	... 58 more
Caused by: org.wso2.carbon.user.core.UserStoreException: Error! Error occurred while getting UI permission ID for resource id : / & action : http://www.wso2.org/projects/registry/actions/get
	at org.wso2.carbon.user.core.authorization.JDBCAuthorizationManager.addAuthorizationForRole(JDBCAuthorizationManager.java:1079)
	at org.wso2.carbon.user.core.authorization.JDBCAuthorizationManager.authorizeRole(JDBCAuthorizationManager.java:527)
	... 63 more
Caused by: org.wso2.carbon.user.core.UserStoreException: Error occurred while getting UI permission ID for resource id : / & action : http://www.wso2.org/projects/registry/actions/get
	at org.wso2.carbon.user.core.authorization.JDBCAuthorizationManager.getPermissionId(JDBCAuthorizationManager.java:1220)
	at org.wso2.carbon.user.core.authorization.JDBCAuthorizationManager.addAuthorizationForRole(JDBCAuthorizationManager.java:1001)
	... 64 more
[2019-07-02 13:30:39,627] FATAL {org.wso2.carbon.registry.core.session.UserRegistry} -  Failed to add the root collection to the coreRegistry.
org.wso2.carbon.registry.core.exceptions.RegistryException: Could not set authorizations for the root. 
Caused by: Error! Error occurred while getting UI permission ID for resource id : / & action : http://www.wso2.org/projects/registry/actions/get
	at org.wso2.carbon.registry.core.utils.AuthorizationUtils.setRootAuthorizations(AuthorizationUtils.java:302)
	at org.wso2.carbon.registry.core.session.UserRegistry.addRootCollection(UserRegistry.java:404)
	at org.wso2.carbon.registry.core.session.UserRegistry.init(UserRegistry.java:328)
	at org.wso2.carbon.registry.core.session.UserRegistry.access$100(UserRegistry.java:61)
	at org.wso2.carbon.registry.core.session.UserRegistry$2.run(UserRegistry.java:249)
	at java.security.AccessController.doPrivileged(Native Method)
	at org.wso2.carbon.registry.core.session.UserRegistry.<init>(UserRegistry.java:246)
	at org.wso2.carbon.registry.core.session.UserRegistry.<init>(UserRegistry.java:225)
	at org.wso2.carbon.registry.core.jdbc.EmbeddedRegistryService.getUserRegistry(EmbeddedRegistryService.java:427)
	at org.wso2.carbon.registry.core.jdbc.EmbeddedRegistryService.getSystemRegistry(EmbeddedRegistryService.java:292)
	at org.wso2.carbon.registry.core.jdbc.EmbeddedRegistryService.getSystemRegistry(EmbeddedRegistryService.java:276)
	at org.wso2.carbon.registry.core.jdbc.EmbeddedRegistryService.getSystemRegistry(EmbeddedRegistryService.java:262)
	at org.wso2.carbon.registry.core.jdbc.EmbeddedRegistryService.configure(EmbeddedRegistryService.java:219)
	at org.wso2.carbon.registry.core.jdbc.EmbeddedRegistryService.<init>(EmbeddedRegistryService.java:99)
	at org.wso2.carbon.registry.core.internal.RegistryCoreServiceComponent.getEmbeddedRegistryService(RegistryCoreServiceComponent.java:604)
	at org.wso2.carbon.registry.core.internal.RegistryCoreServiceComponent.buildRegistryService(RegistryCoreServiceComponent.java:526)
	at org.wso2.carbon.registry.core.internal.RegistryCoreServiceComponent.activate(RegistryCoreServiceComponent.java:130)
	at sun.reflect.NativeMethodAccessorImpl.invoke0(Native Method)
	at sun.reflect.NativeMethodAccessorImpl.invoke(NativeMethodAccessorImpl.java:62)
	at sun.reflect.DelegatingMethodAccessorImpl.invoke(DelegatingMethodAccessorImpl.java:43)
	at java.lang.reflect.Method.invoke(Method.java:498)
	at org.eclipse.equinox.internal.ds.model.ServiceComponent.activate(ServiceComponent.java:260)
	at org.eclipse.equinox.internal.ds.model.ServiceComponentProp.activate(ServiceComponentProp.java:146)
	at org.eclipse.equinox.internal.ds.model.ServiceComponentProp.build(ServiceComponentProp.java:345)
	at org.eclipse.equinox.internal.ds.InstanceProcess.buildComponent(InstanceProcess.java:620)
	at org.eclipse.equinox.internal.ds.InstanceProcess.buildComponents(InstanceProcess.java:197)
	at org.eclipse.equinox.internal.ds.Resolver.getEligible(Resolver.java:343)
	at org.eclipse.equinox.internal.ds.SCRManager.serviceChanged(SCRManager.java:222)
	at org.eclipse.osgi.internal.serviceregistry.FilteredServiceListener.serviceChanged(FilteredServiceListener.java:107)
	at org.eclipse.osgi.framework.internal.core.BundleContextImpl.dispatchEvent(BundleContextImpl.java:861)
	at org.eclipse.osgi.framework.eventmgr.EventManager.dispatchEvent(EventManager.java:230)
	at org.eclipse.osgi.framework.eventmgr.ListenerQueue.dispatchEventSynchronous(ListenerQueue.java:148)
	at org.eclipse.osgi.internal.serviceregistry.ServiceRegistry.publishServiceEventPrivileged(ServiceRegistry.java:819)
	at org.eclipse.osgi.internal.serviceregistry.ServiceRegistry.publishServiceEvent(ServiceRegistry.java:771)
	at org.eclipse.osgi.internal.serviceregistry.ServiceRegistrationImpl.register(ServiceRegistrationImpl.java:130)
	at org.eclipse.osgi.internal.serviceregistry.ServiceRegistry.registerService(ServiceRegistry.java:214)
	at org.eclipse.osgi.framework.internal.core.BundleContextImpl.registerService(BundleContextImpl.java:433)
	at org.wso2.carbon.user.core.internal.Activator.startDeploy(Activator.java:73)
	at org.wso2.carbon.user.core.internal.BundleCheckActivator.start(BundleCheckActivator.java:61)
	at org.eclipse.osgi.framework.internal.core.BundleContextImpl$1.run(BundleContextImpl.java:711)
	at java.security.AccessController.doPrivileged(Native Method)
	at org.eclipse.osgi.framework.internal.core.BundleContextImpl.startActivator(BundleContextImpl.java:702)
	at org.eclipse.osgi.framework.internal.core.BundleContextImpl.start(BundleContextImpl.java:683)
	at org.eclipse.osgi.framework.internal.core.BundleHost.startWorker(BundleHost.java:381)
	at org.eclipse.osgi.framework.internal.core.AbstractBundle.resume(AbstractBundle.java:390)
	at org.eclipse.osgi.framework.internal.core.Framework.resumeBundle(Framework.java:1176)
	at org.eclipse.osgi.framework.internal.core.StartLevelManager.resumeBundles(StartLevelManager.java:559)
	at org.eclipse.osgi.framework.internal.core.StartLevelManager.resumeBundles(StartLevelManager.java:544)
	at org.eclipse.osgi.framework.internal.core.StartLevelManager.incFWSL(StartLevelManager.java:457)
	at org.eclipse.osgi.framework.internal.core.StartLevelManager.doSetStartLevel(StartLevelManager.java:243)
	at org.eclipse.osgi.framework.internal.core.StartLevelManager.dispatchEvent(StartLevelManager.java:438)
	at org.eclipse.osgi.framework.internal.core.StartLevelManager.dispatchEvent(StartLevelManager.java:1)
	at org.eclipse.osgi.framework.eventmgr.EventManager.dispatchEvent(EventManager.java:230)
	at org.eclipse.osgi.framework.eventmgr.EventManager$EventThread.run(EventManager.java:340)
[2019-07-02 13:30:39,630] ERROR {org.wso2.carbon.registry.core.internal.RegistryCoreServiceComponent} -  Failed to activate Registry Core bundle 
org.wso2.carbon.registry.core.exceptions.RegistryException: Failed to add the root collection to the coreRegistry.
	at org.wso2.carbon.registry.core.session.UserRegistry.addRootCollection(UserRegistry.java:443)
	at org.wso2.carbon.registry.core.session.UserRegistry.init(UserRegistry.java:328)
	at org.wso2.carbon.registry.core.session.UserRegistry.access$100(UserRegistry.java:61)
	at org.wso2.carbon.registry.core.session.UserRegistry$2.run(UserRegistry.java:249)
	at java.security.AccessController.doPrivileged(Native Method)
	at org.wso2.carbon.registry.core.session.UserRegistry.<init>(UserRegistry.java:246)
	at org.wso2.carbon.registry.core.session.UserRegistry.<init>(UserRegistry.java:225)
	at org.wso2.carbon.registry.core.jdbc.EmbeddedRegistryService.getUserRegistry(EmbeddedRegistryService.java:427)
	at org.wso2.carbon.registry.core.jdbc.EmbeddedRegistryService.getSystemRegistry(EmbeddedRegistryService.java:292)
	at org.wso2.carbon.registry.core.jdbc.EmbeddedRegistryService.getSystemRegistry(EmbeddedRegistryService.java:276)
	at org.wso2.carbon.registry.core.jdbc.EmbeddedRegistryService.getSystemRegistry(EmbeddedRegistryService.java:262)
	at org.wso2.carbon.registry.core.jdbc.EmbeddedRegistryService.configure(EmbeddedRegistryService.java:219)
	at org.wso2.carbon.registry.core.jdbc.EmbeddedRegistryService.<init>(EmbeddedRegistryService.java:99)
	at org.wso2.carbon.registry.core.internal.RegistryCoreServiceComponent.getEmbeddedRegistryService(RegistryCoreServiceComponent.java:604)
	at org.wso2.carbon.registry.core.internal.RegistryCoreServiceComponent.buildRegistryService(RegistryCoreServiceComponent.java:526)
	at org.wso2.carbon.registry.core.internal.RegistryCoreServiceComponent.activate(RegistryCoreServiceComponent.java:130)
	at sun.reflect.NativeMethodAccessorImpl.invoke0(Native Method)
	at sun.reflect.NativeMethodAccessorImpl.invoke(NativeMethodAccessorImpl.java:62)
	at sun.reflect.DelegatingMethodAccessorImpl.invoke(DelegatingMethodAccessorImpl.java:43)
	at java.lang.reflect.Method.invoke(Method.java:498)
	at org.eclipse.equinox.internal.ds.model.ServiceComponent.activate(ServiceComponent.java:260)
	at org.eclipse.equinox.internal.ds.model.ServiceComponentProp.activate(ServiceComponentProp.java:146)
	at org.eclipse.equinox.internal.ds.model.ServiceComponentProp.build(ServiceComponentProp.java:345)
	at org.eclipse.equinox.internal.ds.InstanceProcess.buildComponent(InstanceProcess.java:620)
	at org.eclipse.equinox.internal.ds.InstanceProcess.buildComponents(InstanceProcess.java:197)
	at org.eclipse.equinox.internal.ds.Resolver.getEligible(Resolver.java:343)
	at org.eclipse.equinox.internal.ds.SCRManager.serviceChanged(SCRManager.java:222)
	at org.eclipse.osgi.internal.serviceregistry.FilteredServiceListener.serviceChanged(FilteredServiceListener.java:107)
	at org.eclipse.osgi.framework.internal.core.BundleContextImpl.dispatchEvent(BundleContextImpl.java:861)
	at org.eclipse.osgi.framework.eventmgr.EventManager.dispatchEvent(EventManager.java:230)
	at org.eclipse.osgi.framework.eventmgr.ListenerQueue.dispatchEventSynchronous(ListenerQueue.java:148)
	at org.eclipse.osgi.internal.serviceregistry.ServiceRegistry.publishServiceEventPrivileged(ServiceRegistry.java:819)
	at org.eclipse.osgi.internal.serviceregistry.ServiceRegistry.publishServiceEvent(ServiceRegistry.java:771)
	at org.eclipse.osgi.internal.serviceregistry.ServiceRegistrationImpl.register(ServiceRegistrationImpl.java:130)
	at org.eclipse.osgi.internal.serviceregistry.ServiceRegistry.registerService(ServiceRegistry.java:214)
	at org.eclipse.osgi.framework.internal.core.BundleContextImpl.registerService(BundleContextImpl.java:433)
	at org.wso2.carbon.user.core.internal.Activator.startDeploy(Activator.java:73)
	at org.wso2.carbon.user.core.internal.BundleCheckActivator.start(BundleCheckActivator.java:61)
	at org.eclipse.osgi.framework.internal.core.BundleContextImpl$1.run(BundleContextImpl.java:711)
	at java.security.AccessController.doPrivileged(Native Method)
	at org.eclipse.osgi.framework.internal.core.BundleContextImpl.startActivator(BundleContextImpl.java:702)
	at org.eclipse.osgi.framework.internal.core.BundleContextImpl.start(BundleContextImpl.java:683)
	at org.eclipse.osgi.framework.internal.core.BundleHost.startWorker(BundleHost.java:381)
	at org.eclipse.osgi.framework.internal.core.AbstractBundle.resume(AbstractBundle.java:390)
	at org.eclipse.osgi.framework.internal.core.Framework.resumeBundle(Framework.java:1176)
	at org.eclipse.osgi.framework.internal.core.StartLevelManager.resumeBundles(StartLevelManager.java:559)
	at org.eclipse.osgi.framework.internal.core.StartLevelManager.resumeBundles(StartLevelManager.java:544)
	at org.eclipse.osgi.framework.internal.core.StartLevelManager.incFWSL(StartLevelManager.java:457)
	at org.eclipse.osgi.framework.internal.core.StartLevelManager.doSetStartLevel(StartLevelManager.java:243)
	at org.eclipse.osgi.framework.internal.core.StartLevelManager.dispatchEvent(StartLevelManager.java:438)
	at org.eclipse.osgi.framework.internal.core.StartLevelManager.dispatchEvent(StartLevelManager.java:1)
	at org.eclipse.osgi.framework.eventmgr.EventManager.dispatchEvent(EventManager.java:230)
	at org.eclipse.osgi.framework.eventmgr.EventManager$EventThread.run(EventManager.java:340)
Caused by: org.wso2.carbon.registry.core.exceptions.RegistryException: Could not set authorizations for the root. 
Caused by: Error! Error occurred while getting UI permission ID for resource id : / & action : http://www.wso2.org/projects/registry/actions/get
	at org.wso2.carbon.registry.core.utils.AuthorizationUtils.setRootAuthorizations(AuthorizationUtils.java:302)
	at org.wso2.carbon.registry.core.session.UserRegistry.addRootCollection(UserRegistry.java:404)
	... 52 more
[2019-07-02 13:35:35,276] ERROR {org.wso2.carbon.ndatasource.core.internal.DataSourceServiceComponent} -  Error in intializing system data sources: Error in initializing system data sources: Error in initializing system data sources at '/home/wso2carbon/wso2ei-6.4.0/conf/datasources/esb-datasources.xml' - Error in creating an XML document from file: The entity name must immediately follow the '&' in the entity reference.
org.wso2.carbon.ndatasource.common.DataSourceException: Error in initializing system data sources: Error in initializing system data sources at '/home/wso2carbon/wso2ei-6.4.0/conf/datasources/esb-datasources.xml' - Error in creating an XML document from file: The entity name must immediately follow the '&' in the entity reference.
	at org.wso2.carbon.ndatasource.core.DataSourceManager.initSystemDataSources(DataSourceManager.java:169)
	at org.wso2.carbon.ndatasource.core.internal.DataSourceServiceComponent.initSystemDataSources(DataSourceServiceComponent.java:213)
	at org.wso2.carbon.ndatasource.core.internal.DataSourceServiceComponent.setSecretCallbackHandlerService(DataSourceServiceComponent.java:199)
	at sun.reflect.NativeMethodAccessorImpl.invoke0(Native Method)
	at sun.reflect.NativeMethodAccessorImpl.invoke(NativeMethodAccessorImpl.java:62)
	at sun.reflect.DelegatingMethodAccessorImpl.invoke(DelegatingMethodAccessorImpl.java:43)
	at java.lang.reflect.Method.invoke(Method.java:498)
	at org.eclipse.equinox.internal.ds.model.ComponentReference.bind(ComponentReference.java:376)
	at org.eclipse.equinox.internal.ds.model.ServiceComponentProp.bindReference(ServiceComponentProp.java:430)
	at org.eclipse.equinox.internal.ds.model.ServiceComponentProp.bind(ServiceComponentProp.java:218)
	at org.eclipse.equinox.internal.ds.model.ServiceComponentProp.build(ServiceComponentProp.java:343)
	at org.eclipse.equinox.internal.ds.InstanceProcess.buildComponent(InstanceProcess.java:620)
	at org.eclipse.equinox.internal.ds.InstanceProcess.buildComponents(InstanceProcess.java:197)
	at org.eclipse.equinox.internal.ds.Resolver.getEligible(Resolver.java:343)
	at org.eclipse.equinox.internal.ds.SCRManager.serviceChanged(SCRManager.java:222)
	at org.eclipse.osgi.internal.serviceregistry.FilteredServiceListener.serviceChanged(FilteredServiceListener.java:107)
	at org.eclipse.osgi.framework.internal.core.BundleContextImpl.dispatchEvent(BundleContextImpl.java:861)
	at org.eclipse.osgi.framework.eventmgr.EventManager.dispatchEvent(EventManager.java:230)
	at org.eclipse.osgi.framework.eventmgr.ListenerQueue.dispatchEventSynchronous(ListenerQueue.java:148)
	at org.eclipse.osgi.internal.serviceregistry.ServiceRegistry.publishServiceEventPrivileged(ServiceRegistry.java:819)
	at org.eclipse.osgi.internal.serviceregistry.ServiceRegistry.publishServiceEvent(ServiceRegistry.java:771)
	at org.eclipse.osgi.internal.serviceregistry.ServiceRegistrationImpl.register(ServiceRegistrationImpl.java:130)
	at org.eclipse.osgi.internal.serviceregistry.ServiceRegistry.registerService(ServiceRegistry.java:214)
	at org.eclipse.osgi.framework.internal.core.BundleContextImpl.registerService(BundleContextImpl.java:433)
	at org.eclipse.osgi.framework.internal.core.BundleContextImpl.registerService(BundleContextImpl.java:451)
	at org.wso2.carbon.securevault.internal.SecretManagerInitializerComponent.activate(SecretManagerInitializerComponent.java:48)
	at sun.reflect.NativeMethodAccessorImpl.invoke0(Native Method)
	at sun.reflect.NativeMethodAccessorImpl.invoke(NativeMethodAccessorImpl.java:62)
	at sun.reflect.DelegatingMethodAccessorImpl.invoke(DelegatingMethodAccessorImpl.java:43)
	at java.lang.reflect.Method.invoke(Method.java:498)
	at org.eclipse.equinox.internal.ds.model.ServiceComponent.activate(ServiceComponent.java:260)
	at org.eclipse.equinox.internal.ds.model.ServiceComponentProp.activate(ServiceComponentProp.java:146)
	at org.eclipse.equinox.internal.ds.model.ServiceComponentProp.build(ServiceComponentProp.java:345)
	at org.eclipse.equinox.internal.ds.InstanceProcess.buildComponent(InstanceProcess.java:620)
	at org.eclipse.equinox.internal.ds.InstanceProcess.buildComponents(InstanceProcess.java:197)
	at org.eclipse.equinox.internal.ds.Resolver.buildNewlySatisfied(Resolver.java:473)
	at org.eclipse.equinox.internal.ds.Resolver.enableComponents(Resolver.java:217)
	at org.eclipse.equinox.internal.ds.SCRManager.performWork(SCRManager.java:816)
	at org.eclipse.equinox.internal.ds.SCRManager$QueuedJob.dispatch(SCRManager.java:783)
	at org.eclipse.equinox.internal.ds.WorkThread.run(WorkThread.java:89)
	at java.lang.Thread.run(Thread.java:748)
Caused by: org.wso2.carbon.ndatasource.common.DataSourceException: Error in initializing system data sources at '/home/wso2carbon/wso2ei-6.4.0/conf/datasources/esb-datasources.xml' - Error in creating an XML document from file: The entity name must immediately follow the '&' in the entity reference.
	at org.wso2.carbon.ndatasource.core.DataSourceManager.initSystemDataSource(DataSourceManager.java:189)
	at org.wso2.carbon.ndatasource.core.DataSourceManager.initSystemDataSources(DataSourceManager.java:164)
	... 40 more
Caused by: org.wso2.carbon.ndatasource.common.DataSourceException: Error in creating an XML document from file: The entity name must immediately follow the '&' in the entity reference.
	at org.wso2.carbon.ndatasource.core.utils.DataSourceUtils.convertToDocument(DataSourceUtils.java:256)
	at org.wso2.carbon.ndatasource.core.DataSourceManager.initSystemDataSource(DataSourceManager.java:176)
	... 41 more
Caused by: org.xml.sax.SAXParseException: The entity name must immediately follow the '&' in the entity reference.
	at org.apache.xerces.parsers.DOMParser.parse(Unknown Source)
	at org.apache.xerces.jaxp.DocumentBuilderImpl.parse(Unknown Source)
	at javax.xml.parsers.DocumentBuilder.parse(Unknown Source)
	at org.wso2.carbon.ndatasource.core.utils.DataSourceUtils.convertToDocument(DataSourceUtils.java:253)
	... 42 more
[2019-07-02 13:35:48,572] ERROR {com.verifone.esb.handlers.AdminServicesApiHandler} -  couldn't get SystemParameter of CLEAR_CACHE_ENABLED/URL from Registry
[2019-07-02 13:35:48,572] ERROR {com.verifone.esb.handlers.AdminServicesApiHandler} -  couldn't get SystemParameter of CLEAR_CACHE_ENABLED/URL from Registry
[2019-07-02 13:35:48,578]  INFO {org.apache.axis2.deployment.ClusterBuilder} -  Clustering has been enabled
[2019-07-02 13:35:48,585]  INFO {org.apache.axis2.deployment.ClusterBuilder} -  Running in application mode
[2019-07-02 13:35:49,559]  INFO {org.apache.synapse.transport.passthru.PassThroughHttpSender} -  Initializing Pass-through HTTP/S Sender...
[2019-07-02 13:35:49,591]  INFO {org.apache.synapse.transport.passthru.PassThroughHttpSender} -  Pass-through HTTP Sender started...
[2019-07-02 13:35:49,592]  INFO {org.apache.synapse.transport.passthru.PassThroughHttpSSLSender} -  Initializing Pass-through HTTP/S Sender...
[2019-07-02 13:35:49,624]  INFO {org.apache.synapse.transport.nhttp.config.ClientConnFactoryBuilder} -  customSSLProfiles configuration is loaded from path: /home/wso2carbon/wso2ei-6.4.0/conf/senderprofiles.xml
[2019-07-02 13:35:49,624]  INFO {org.apache.synapse.transport.nhttp.config.ClientConnFactoryBuilder} -  HTTPS Loading custom SSL profiles for the HTTPS sender
[2019-07-02 13:35:49,637]  INFO {org.apache.synapse.transport.nhttp.config.ClientConnFactoryBuilder} -  HTTPS Custom SSL profiles initialized for 226 servers
[2019-07-02 13:35:49,637]  INFO {org.apache.synapse.transport.passthru.PassThroughHttpSSLSender} -  Pass-through HTTPS Sender started...
[2019-07-02 13:35:49,647]  INFO {org.apache.synapse.transport.passthru.PassThroughHttpListener} -  Initializing Pass-through HTTP/S Listener...
[2019-07-02 13:35:49,668]  INFO {org.apache.synapse.transport.passthru.PassThroughHttpSSLListener} -  Initializing Pass-through HTTP/S Listener...
[2019-07-02 13:35:49,767]  INFO {org.apache.axis2.deployment.ModuleDeployer} -  Deploying module: addressing-1.6.1-wso2v28 - file:/home/wso2carbon/wso2ei-6.4.0/repository/deployment/client/modules/addressing-1.6.1-wso2v28.mar
[2019-07-02 13:35:49,772]  INFO {org.apache.axis2.deployment.ModuleDeployer} -  Deploying module: rampart-1.6.1-wso2v26 - file:/home/wso2carbon/wso2ei-6.4.0/repository/deployment/client/modules/rampart-1.6.1-wso2v26.mar
[2019-07-02 13:35:50,146]  INFO {org.apache.axis2.deployment.DeploymentEngine} -  Deploying Web service: org.wso2.carbon.business.messaging.hl7.store-4.6.105 - 
[2019-07-02 13:35:50,796]  INFO {org.apache.axis2.deployment.DeploymentEngine} -  Deploying Web service: org.wso2.carbon.message.processor-4.6.105 - 
[2019-07-02 13:35:50,806]  INFO {org.apache.axis2.deployment.DeploymentEngine} -  Deploying Web service: org.wso2.carbon.message.store-4.6.105 - 
[2019-07-02 13:35:51,385]  INFO {org.apache.axis2.deployment.DeploymentEngine} -  Deploying Web service: org.wso2.carbon.sts-5.2.6 - 
[2019-07-02 13:35:51,464]  INFO {org.apache.axis2.deployment.DeploymentEngine} -  Deploying Web service: org.wso2.carbon.tryit-4.6.49 - 
[2019-07-02 13:35:53,104]  INFO {org.apache.synapse.SynapseControllerFactory} -  Using Synapse home : /home/wso2carbon/wso2ei-6.4.0/.
[2019-07-02 13:35:53,104]  INFO {org.apache.synapse.SynapseControllerFactory} -  Using synapse.xml location : /home/wso2carbon/wso2ei-6.4.0/././repository/deployment/server/synapse-configs/default
[2019-07-02 13:35:53,105]  INFO {org.apache.synapse.SynapseControllerFactory} -  Using server name : localhost
[2019-07-02 13:35:53,108]  INFO {org.apache.synapse.SynapseControllerFactory} -  The timeout handler will run every : 15s
[2019-07-02 13:35:53,117]  INFO {org.apache.synapse.Axis2SynapseController} -  Initializing Synapse at : Tue Jul 02 13:35:53 GMT 2019
[2019-07-02 13:35:53,125]  INFO {org.apache.synapse.config.xml.MultiXMLConfigurationBuilder} -  Building synapse configuration from the synapse artifact repository at : ././repository/deployment/server/synapse-configs/default
[2019-07-02 13:35:53,129]  INFO {org.apache.synapse.config.xml.XMLConfigurationBuilder} -  Generating the Synapse configuration model by parsing the XML configuration
[2019-07-02 13:35:53,198]  INFO {org.apache.synapse.config.SynapseConfigurationBuilder} -  Loaded Synapse configuration from the artifact repository at : ././repository/deployment/server/synapse-configs/default
[2019-07-02 13:35:53,201]  INFO {org.apache.synapse.Axis2SynapseController} -  Loading mediator extensions...
[2019-07-02 13:35:53,209]  INFO {org.apache.axis2.deployment.DeploymentEngine} -  Deploying Web service: Echo.aar - file:/home/wso2carbon/wso2ei-6.4.0/repository/deployment/server/axis2services/Echo.aar
[2019-07-02 13:35:53,219]  INFO {org.apache.axis2.deployment.DeploymentEngine} -  Deploying Web service: Version.aar - file:/home/wso2carbon/wso2ei-6.4.0/repository/deployment/server/axis2services/Version.aar
[2019-07-02 13:35:53,251] ERROR {org.wso2.carbon.event.publisher.core.internal.util.helper.EventPublisherConfigurationFilesystemInvoker} -  Unable to decrypt the encrypted field: password for adaptor type: wso2event
[2019-07-02 13:35:53,261] ERROR {org.wso2.carbon.event.publisher.core.internal.util.helper.EventPublisherConfigurationFilesystemInvoker} -  Unable to decrypt the encrypted field: password for adaptor type: wso2event
[2019-07-02 13:35:53,519]  INFO {org.apache.synapse.Axis2SynapseController} -  Deploying the Synapse service...
[2019-07-02 13:35:53,520]  INFO {org.apache.synapse.Axis2SynapseController} -  Deploying Proxy services...
[2019-07-02 13:35:53,520]  INFO {org.apache.synapse.Axis2SynapseController} -  Deploying EventSources...
[2019-07-02 13:35:53,534]  INFO {org.apache.synapse.ServerManager} -  Server ready for processing...
[2019-07-02 13:35:56,376]  INFO {org.apache.synapse.core.axis2.Axis2SynapseEnvironment} -  Continuation call is set to true
[2019-07-02 13:35:56,387]  INFO {org.apache.synapse.deployers.SequenceDeployer} -  Sequence named 'reqProcessingCGESequence' has been deployed from file : /home/wso2carbon/wso2ei-6.4.0/wso2/tmp/carbonapps/-1234/1562074554905VerifoneProxy_1.0.0.car/reqProcessingCGESequence_1.0.0/reqProcessingCGESequence-1.0.0.xml
[2019-07-02 13:35:56,391]  INFO {org.apache.synapse.deployers.SequenceDeployer} -  Sequence named 'splunkLogPayloadSequence' has been deployed from file : /home/wso2carbon/wso2ei-6.4.0/wso2/tmp/carbonapps/-1234/1562074554905VerifoneProxy_1.0.0.car/splunkLogPayloadSequence_1.0.0/splunkLogPayloadSequence-1.0.0.xml
[2019-07-02 13:35:56,407]  INFO {org.apache.synapse.deployers.SequenceDeployer} -  Sequence named 'requestProcessingsError' has been deployed from file : /home/wso2carbon/wso2ei-6.4.0/wso2/tmp/carbonapps/-1234/1562074554905VerifoneProxy_1.0.0.car/requestProcessingsError_1.0.0/requestProcessingsError-1.0.0.xml
[2019-07-02 13:35:56,432]  INFO {org.apache.synapse.deployers.SequenceDeployer} -  Sequence named 'faultCommonSequence' has been deployed from file : /home/wso2carbon/wso2ei-6.4.0/wso2/tmp/carbonapps/-1234/1562074554905VerifoneProxy_1.0.0.car/faultCommonSequence_1.0.0/faultCommonSequence-1.0.0.xml
[2019-07-02 13:35:56,445]  INFO {org.apache.synapse.deployers.SequenceDeployer} -  Sequence named 'basicValuesSequence' has been deployed from file : /home/wso2carbon/wso2ei-6.4.0/wso2/tmp/carbonapps/-1234/1562074554905VerifoneProxy_1.0.0.car/basicValuesSequence_1.0.0/basicValuesSequence-1.0.0.xml
[2019-07-02 13:35:56,459]  INFO {org.apache.synapse.mediators.db.DBLookupMediator} -  Successfully created data source for jdbc:mysql://cd1rg3usmplyedd.cwegnemmy1on.us-east-1.rds.amazonaws.com:3306/dev_cpp.
[2019-07-02 13:35:56,459]  INFO {org.apache.synapse.deployers.SequenceDeployer} -  Sequence named 'ActiveOnStatusesLookUpSequence' has been deployed from file : /home/wso2carbon/wso2ei-6.4.0/wso2/tmp/carbonapps/-1234/1562074554905VerifoneProxy_1.0.0.car/ActiveOnStatusesLookUpSequence_1.0.0/ActiveOnStatusesLookUpSequence-1.0.0.xml
[2019-07-02 13:35:56,468]  INFO {org.apache.synapse.deployers.SequenceDeployer} -  Sequence named 'connectivityTestSequence' has been deployed from file : /home/wso2carbon/wso2ei-6.4.0/wso2/tmp/carbonapps/-1234/1562074554905VerifoneProxy_1.0.0.car/connectivityTestSequence_1.0.0/connectivityTestSequence-1.0.0.xml
[2019-07-02 13:35:56,757]  INFO {org.apache.synapse.deployers.SequenceDeployer} -  Sequence named 'reqProcessingAuthorizationSequence' has been deployed from file : /home/wso2carbon/wso2ei-6.4.0/wso2/tmp/carbonapps/-1234/1562074554905VerifoneProxy_1.0.0.car/reqProcessingAuthorizationSequence_1.0.0/reqProcessingAuthorizationSequence-1.0.0.xml
[2019-07-02 13:35:56,764]  INFO {org.apache.synapse.deployers.SequenceDeployer} -  Sequence named 'mainVerifoneFaultSequence' has been deployed from file : /home/wso2carbon/wso2ei-6.4.0/wso2/tmp/carbonapps/-1234/1562074554905VerifoneProxy_1.0.0.car/mainVerifoneFaultSequence_1.0.0/mainVerifoneFaultSequence-1.0.0.xml
[2019-07-02 13:35:56,774]  INFO {org.apache.synapse.deployers.SequenceDeployer} -  Sequence named 'routeToServiceSequence' has been deployed from file : /home/wso2carbon/wso2ei-6.4.0/wso2/tmp/carbonapps/-1234/1562074554905VerifoneProxy_1.0.0.car/routeToServiceSequence_1.0.0/routeToServiceSequence-1.0.0.xml
[2019-07-02 13:35:56,801]  INFO {org.apache.synapse.deployers.SequenceDeployer} -  Sequence named 'requestProcessingsSequence' has been deployed from file : /home/wso2carbon/wso2ei-6.4.0/wso2/tmp/carbonapps/-1234/1562074554905VerifoneProxy_1.0.0.car/requestProcessingsSequence_1.0.0/requestProcessingsSequence-1.0.0.xml
[2019-07-02 13:35:56,840]  INFO {org.apache.synapse.deployers.SequenceDeployer} -  Sequence named 'mainVerifoneSequence' has been deployed from file : /home/wso2carbon/wso2ei-6.4.0/wso2/tmp/carbonapps/-1234/1562074554905VerifoneProxy_1.0.0.car/mainVerifoneSequence_1.0.0/mainVerifoneSequence-1.0.0.xml
[2019-07-02 13:35:56,841]  INFO {org.apache.synapse.deployers.SequenceDeployer} -  Sequence named 'removeClientHeadersSequence' has been deployed from file : /home/wso2carbon/wso2ei-6.4.0/wso2/tmp/carbonapps/-1234/1562074554905VerifoneProxy_1.0.0.car/removeClientHeadersSequence_1.0.0/removeClientHeadersSequence-1.0.0.xml
[2019-07-02 13:35:56,846]  INFO {org.apache.synapse.deployers.SequenceDeployer} -  Sequence named 'reqProcessingsRestoreSequence' has been deployed from file : /home/wso2carbon/wso2ei-6.4.0/wso2/tmp/carbonapps/-1234/1562074554905VerifoneProxy_1.0.0.car/reqProcessingsRestoreSequence_1.0.0/reqProcessingsRestoreSequence-1.0.0.xml
[2019-07-02 13:35:56,865]  INFO {org.wso2.balana.ConfigurationStore} -  Loading runtime configuration
[2019-07-02 13:35:56,874]  INFO {org.wso2.xacml.registry.pip.AttributeFinderModuleHelper} -  Initialized AttributeFinderModuleHelper
[2019-07-02 13:35:56,929]  INFO {org.apache.synapse.deployers.SequenceDeployer} -  Sequence named 'mainVerifoneInternalEntitlementSequence' has been deployed from file : /home/wso2carbon/wso2ei-6.4.0/wso2/tmp/carbonapps/-1234/1562074554905VerifoneProxy_1.0.0.car/mainVerifoneInternalEntitlementSequence_1.0.0/mainVerifoneInternalEntitlementSequence-1.0.0.xml
[2019-07-02 13:35:56,930]  INFO {org.apache.synapse.deployers.SequenceDeployer} -  Sequence named 'reqProcessingBackupSequence' has been deployed from file : /home/wso2carbon/wso2ei-6.4.0/wso2/tmp/carbonapps/-1234/1562074554905VerifoneProxy_1.0.0.car/reqProcessingBackupSequence_1.0.0/reqProcessingBackupSequence-1.0.0.xml
[2019-07-02 13:35:56,949]  INFO {org.apache.synapse.deployers.SequenceDeployer} -  Sequence named 'mainVerifoneOutSequence' has been deployed from file : /home/wso2carbon/wso2ei-6.4.0/wso2/tmp/carbonapps/-1234/1562074554905VerifoneProxy_1.0.0.car/mainVerifoneOutSequence_1.0.0/mainVerifoneOutSequence-1.0.0.xml
[2019-07-02 13:35:56,952]  INFO {org.apache.synapse.core.axis2.ProxyService} -  Building Axis service for Proxy service : verifone
[2019-07-02 13:35:56,955]  INFO {org.apache.synapse.core.axis2.ProxyService} -  Adding service verifone to the Axis2 configuration
[2019-07-02 13:35:56,959]  INFO {org.apache.synapse.core.axis2.ProxyService} -  Successfully created the Axis2 service for Proxy service : verifone
[2019-07-02 13:35:56,959]  INFO {org.apache.synapse.deployers.ProxyServiceDeployer} -  ProxyService named 'verifone' has been deployed from file : /home/wso2carbon/wso2ei-6.4.0/wso2/tmp/carbonapps/-1234/1562074554905VerifoneProxy_1.0.0.car/verifone_1.0.0/verifone-1.0.0.xml
[2019-07-02 13:35:56,971]  INFO {org.apache.synapse.transport.passthru.PassThroughHttpListener} -  Starting Pass-through HTTP Listener...
[2019-07-02 13:35:56,989]  INFO {org.apache.synapse.deployers.SequenceDeployer} -  Sequence: fault has been updated from the file: /home/wso2carbon/wso2ei-6.4.0/repository/deployment/server/synapse-configs/default/sequences/fault.xml
[2019-07-02 13:35:57,000]  INFO {org.apache.synapse.transport.passthru.core.PassThroughListeningIOReactorManager} -  Pass-through HTTP Listener started on 0.0.0.0:8280
[2019-07-02 13:35:57,000]  INFO {org.apache.synapse.transport.passthru.PassThroughHttpSSLListener} -  Starting Pass-through HTTPS Listener...
[2019-07-02 13:35:57,007]  INFO {org.apache.synapse.transport.passthru.core.PassThroughListeningIOReactorManager} -  Pass-through HTTPS Listener started on 0.0.0.0:8243
[2019-07-02 13:35:58,996]  INFO {org.apache.synapse.deployers.SequenceDeployer} -  Sequence: main has been updated from the file: /home/wso2carbon/wso2ei-6.4.0/repository/deployment/server/synapse-configs/default/sequences/main.xml
