[2019-07-02 11:06:25,881] ERROR {org.wso2.carbon.ndatasource.core.internal.DataSourceServiceComponent} -  Error in intializing system data sources: Error in initializing system data sources: Error in initializing system data sources at '/home/wso2carbon/wso2ei-6.4.0/conf/datasources/master-datasources.xml' - null
org.wso2.carbon.ndatasource.common.DataSourceException: Error in initializing system data sources: Error in initializing system data sources at '/home/wso2carbon/wso2ei-6.4.0/conf/datasources/master-datasources.xml' - null
	at org.wso2.carbon.ndatasource.core.DataSourceManager.initSystemDataSources(DataSourceManager.java:169)
	at org.wso2.carbon.ndatasource.core.internal.DataSourceServiceComponent.initSystemDataSources(DataSourceServiceComponent.java:213)
	at org.wso2.carbon.ndatasource.core.internal.DataSourceServiceComponent.setSecretCallbackHandlerService(DataSourceServiceComponent.java:199)
	at sun.reflect.NativeMethodAccessorImpl.invoke0(Native Method)
	at sun.reflect.NativeMethodAccessorImpl.invoke(NativeMethodAccessorImpl.java:62)
	at sun.reflect.DelegatingMethodAccessorImpl.invoke(DelegatingMethodAccessorImpl.java:43)
	at java.lang.reflect.Method.invoke(Method.java:498)
	at org.eclipse.equinox.internal.ds.model.ComponentReference.bind(ComponentReference.java:376)
	at org.eclipse.equinox.internal.ds.model.ServiceComponentProp.bindReference(ServiceComponentProp.java:430)
	at org.eclipse.equinox.internal.ds.model.ServiceComponentProp.bind(ServiceComponentProp.java:218)
	at org.eclipse.equinox.internal.ds.model.ServiceComponentProp.build(ServiceComponentProp.java:343)
	at org.eclipse.equinox.internal.ds.InstanceProcess.buildComponent(InstanceProcess.java:620)
	at org.eclipse.equinox.internal.ds.InstanceProcess.buildComponents(InstanceProcess.java:197)
	at org.eclipse.equinox.internal.ds.Resolver.getEligible(Resolver.java:343)
	at org.eclipse.equinox.internal.ds.SCRManager.serviceChanged(SCRManager.java:222)
	at org.eclipse.osgi.internal.serviceregistry.FilteredServiceListener.serviceChanged(FilteredServiceListener.java:107)
	at org.eclipse.osgi.framework.internal.core.BundleContextImpl.dispatchEvent(BundleContextImpl.java:861)
	at org.eclipse.osgi.framework.eventmgr.EventManager.dispatchEvent(EventManager.java:230)
	at org.eclipse.osgi.framework.eventmgr.ListenerQueue.dispatchEventSynchronous(ListenerQueue.java:148)
	at org.eclipse.osgi.internal.serviceregistry.ServiceRegistry.publishServiceEventPrivileged(ServiceRegistry.java:819)
	at org.eclipse.osgi.internal.serviceregistry.ServiceRegistry.publishServiceEvent(ServiceRegistry.java:771)
	at org.eclipse.osgi.internal.serviceregistry.ServiceRegistrationImpl.register(ServiceRegistrationImpl.java:130)
	at org.eclipse.osgi.internal.serviceregistry.ServiceRegistry.registerService(ServiceRegistry.java:214)
	at org.eclipse.osgi.framework.internal.core.BundleContextImpl.registerService(BundleContextImpl.java:433)
	at org.eclipse.osgi.framework.internal.core.BundleContextImpl.registerService(BundleContextImpl.java:451)
	at org.wso2.carbon.securevault.internal.SecretManagerInitializerComponent.activate(SecretManagerInitializerComponent.java:48)
	at sun.reflect.NativeMethodAccessorImpl.invoke0(Native Method)
	at sun.reflect.NativeMethodAccessorImpl.invoke(NativeMethodAccessorImpl.java:62)
	at sun.reflect.DelegatingMethodAccessorImpl.invoke(DelegatingMethodAccessorImpl.java:43)
	at java.lang.reflect.Method.invoke(Method.java:498)
	at org.eclipse.equinox.internal.ds.model.ServiceComponent.activate(ServiceComponent.java:260)
	at org.eclipse.equinox.internal.ds.model.ServiceComponentProp.activate(ServiceComponentProp.java:146)
	at org.eclipse.equinox.internal.ds.model.ServiceComponentProp.build(ServiceComponentProp.java:345)
	at org.eclipse.equinox.internal.ds.InstanceProcess.buildComponent(InstanceProcess.java:620)
	at org.eclipse.equinox.internal.ds.InstanceProcess.buildComponents(InstanceProcess.java:197)
	at org.eclipse.equinox.internal.ds.Resolver.buildNewlySatisfied(Resolver.java:473)
	at org.eclipse.equinox.internal.ds.Resolver.enableComponents(Resolver.java:217)
	at org.eclipse.equinox.internal.ds.SCRManager.performWork(SCRManager.java:816)
	at org.eclipse.equinox.internal.ds.SCRManager$QueuedJob.dispatch(SCRManager.java:783)
	at org.eclipse.equinox.internal.ds.WorkThread.run(WorkThread.java:89)
	at java.lang.Thread.run(Thread.java:748)
Caused by: org.wso2.carbon.ndatasource.common.DataSourceException: Error in initializing system data sources at '/home/wso2carbon/wso2ei-6.4.0/conf/datasources/master-datasources.xml' - null
	at org.wso2.carbon.ndatasource.core.DataSourceManager.initSystemDataSource(DataSourceManager.java:189)
	at org.wso2.carbon.ndatasource.core.DataSourceManager.initSystemDataSources(DataSourceManager.java:157)
	... 40 more
Caused by: java.lang.NullPointerException
	at org.wso2.carbon.utils.logging.LoggingUtils.getTenantAwareLogEvent(LoggingUtils.java:89)
	at org.wso2.carbon.utils.logging.appenders.CarbonConsoleAppender.subAppend(CarbonConsoleAppender.java:68)
	at org.apache.log4j.WriterAppender.append(WriterAppender.java:162)
	at org.apache.log4j.AppenderSkeleton.doAppend(AppenderSkeleton.java:251)
	at org.apache.log4j.helpers.AppenderAttachableImpl.appendLoopOnAppenders(AppenderAttachableImpl.java:66)
	at org.apache.log4j.Category.callAppenders(Category.java:206)
	at org.apache.log4j.Category.forcedLog(Category.java:391)
	at org.apache.log4j.Category.log(Category.java:856)
	at org.apache.commons.logging.impl.Log4JLogger.error(Log4JLogger.java:229)
	at org.wso2.carbon.ndatasource.core.DataSourceRepository.registerDataSource(DataSourceRepository.java:364)
	at org.wso2.carbon.ndatasource.core.DataSourceRepository.addDataSource(DataSourceRepository.java:473)
	at org.wso2.carbon.ndatasource.core.DataSourceManager.initSystemDataSource(DataSourceManager.java:185)
	... 41 more
[2019-07-02 11:06:26,626] ERROR {org.wso2.carbon.user.core.internal.Activator} -  Cannot start User Manager Core bundle
java.lang.RuntimeException: Error in looking up data source: Name [WSO2UMDB] is not bound in this Context. Unable to find [WSO2UMDB].
	at org.wso2.carbon.user.core.util.DatabaseUtil.lookupDataSource(DatabaseUtil.java:85)
	at org.wso2.carbon.user.core.util.DatabaseUtil.createRealmDataSource(DatabaseUtil.java:316)
	at org.wso2.carbon.user.core.util.DatabaseUtil.getRealmDataSource(DatabaseUtil.java:65)
	at org.wso2.carbon.user.core.common.DefaultRealmService.<init>(DefaultRealmService.java:90)
	at org.wso2.carbon.user.core.common.DefaultRealmService.<init>(DefaultRealmService.java:115)
	at org.wso2.carbon.user.core.internal.Activator.startDeploy(Activator.java:72)
	at org.wso2.carbon.user.core.internal.BundleCheckActivator.start(BundleCheckActivator.java:61)
	at org.eclipse.osgi.framework.internal.core.BundleContextImpl$1.run(BundleContextImpl.java:711)
	at java.security.AccessController.doPrivileged(Native Method)
	at org.eclipse.osgi.framework.internal.core.BundleContextImpl.startActivator(BundleContextImpl.java:702)
	at org.eclipse.osgi.framework.internal.core.BundleContextImpl.start(BundleContextImpl.java:683)
	at org.eclipse.osgi.framework.internal.core.BundleHost.startWorker(BundleHost.java:381)
	at org.eclipse.osgi.framework.internal.core.AbstractBundle.resume(AbstractBundle.java:390)
	at org.eclipse.osgi.framework.internal.core.Framework.resumeBundle(Framework.java:1176)
	at org.eclipse.osgi.framework.internal.core.StartLevelManager.resumeBundles(StartLevelManager.java:559)
	at org.eclipse.osgi.framework.internal.core.StartLevelManager.resumeBundles(StartLevelManager.java:544)
	at org.eclipse.osgi.framework.internal.core.StartLevelManager.incFWSL(StartLevelManager.java:457)
	at org.eclipse.osgi.framework.internal.core.StartLevelManager.doSetStartLevel(StartLevelManager.java:243)
	at org.eclipse.osgi.framework.internal.core.StartLevelManager.dispatchEvent(StartLevelManager.java:438)
	at org.eclipse.osgi.framework.internal.core.StartLevelManager.dispatchEvent(StartLevelManager.java:1)
	at org.eclipse.osgi.framework.eventmgr.EventManager.dispatchEvent(EventManager.java:230)
	at org.eclipse.osgi.framework.eventmgr.EventManager$EventThread.run(EventManager.java:340)
Caused by: javax.naming.NameNotFoundException: Name [WSO2UMDB] is not bound in this Context. Unable to find [WSO2UMDB].
	at org.apache.naming.NamingContext.lookup(NamingContext.java:825)
	at org.apache.naming.NamingContext.lookup(NamingContext.java:159)
	at org.apache.naming.NamingContext.lookup(NamingContext.java:836)
	at org.apache.naming.NamingContext.lookup(NamingContext.java:173)
	at org.wso2.carbon.context.internal.CarbonContextDataHolder$CarbonInitialJNDIContext.lookup(CarbonContextDataHolder.java:709)
	at javax.naming.InitialContext.lookup(InitialContext.java:417)
	at javax.naming.InitialContext.doLookup(InitialContext.java:290)
	at org.wso2.carbon.user.core.util.DatabaseUtil.lookupDataSource(DatabaseUtil.java:83)
	... 21 more
