[2019-07-02 12:42:06,384] ERROR {org.wso2.carbon.user.core.util.DatabaseUtil} -  Database Error - Driver:com.mysql.jdbc.Driver@4f2337b1 returned null for URL:
                        jdbc:mysql://eu-dev-cgard.c3tizvodsd5h.eu-central-1.rds.amazonaws.com:3306/DEV_WSO2EI_USERSTORE_DB?autoReconnect=true&useSSL=false
                    
java.sql.SQLException: Driver:com.mysql.jdbc.Driver@4f2337b1 returned null for URL:
                        jdbc:mysql://eu-dev-cgard.c3tizvodsd5h.eu-central-1.rds.amazonaws.com:3306/DEV_WSO2EI_USERSTORE_DB?autoReconnect=true&useSSL=false
                    
	at org.apache.tomcat.jdbc.pool.PooledConnection.connectUsingDriver(PooledConnection.java:296)
	at org.apache.tomcat.jdbc.pool.PooledConnection.connect(PooledConnection.java:182)
	at org.apache.tomcat.jdbc.pool.ConnectionPool.createConnection(ConnectionPool.java:730)
	at org.apache.tomcat.jdbc.pool.ConnectionPool.borrowConnection(ConnectionPool.java:664)
	at org.apache.tomcat.jdbc.pool.ConnectionPool.getConnection(ConnectionPool.java:200)
	at org.apache.tomcat.jdbc.pool.DataSourceProxy.getConnection(DataSourceProxy.java:127)
	at org.wso2.carbon.user.core.claim.dao.ClaimDAO.getDialectCount(ClaimDAO.java:158)
	at org.wso2.carbon.user.core.common.DefaultRealm.populateProfileAndClaimMaps(DefaultRealm.java:442)
	at org.wso2.carbon.user.core.common.DefaultRealm.init(DefaultRealm.java:124)
	at org.wso2.carbon.user.core.common.DefaultRealmService.initializeRealm(DefaultRealmService.java:264)
	at org.wso2.carbon.user.core.common.DefaultRealmService.<init>(DefaultRealmService.java:102)
	at org.wso2.carbon.user.core.common.DefaultRealmService.<init>(DefaultRealmService.java:115)
	at org.wso2.carbon.user.core.internal.Activator.startDeploy(Activator.java:72)
	at org.wso2.carbon.user.core.internal.BundleCheckActivator.start(BundleCheckActivator.java:61)
	at org.eclipse.osgi.framework.internal.core.BundleContextImpl$1.run(BundleContextImpl.java:711)
	at java.security.AccessController.doPrivileged(Native Method)
	at org.eclipse.osgi.framework.internal.core.BundleContextImpl.startActivator(BundleContextImpl.java:702)
	at org.eclipse.osgi.framework.internal.core.BundleContextImpl.start(BundleContextImpl.java:683)
	at org.eclipse.osgi.framework.internal.core.BundleHost.startWorker(BundleHost.java:381)
	at org.eclipse.osgi.framework.internal.core.AbstractBundle.resume(AbstractBundle.java:390)
	at org.eclipse.osgi.framework.internal.core.Framework.resumeBundle(Framework.java:1176)
	at org.eclipse.osgi.framework.internal.core.StartLevelManager.resumeBundles(StartLevelManager.java:559)
	at org.eclipse.osgi.framework.internal.core.StartLevelManager.resumeBundles(StartLevelManager.java:544)
	at org.eclipse.osgi.framework.internal.core.StartLevelManager.incFWSL(StartLevelManager.java:457)
	at org.eclipse.osgi.framework.internal.core.StartLevelManager.doSetStartLevel(StartLevelManager.java:243)
	at org.eclipse.osgi.framework.internal.core.StartLevelManager.dispatchEvent(StartLevelManager.java:438)
	at org.eclipse.osgi.framework.internal.core.StartLevelManager.dispatchEvent(StartLevelManager.java:1)
	at org.eclipse.osgi.framework.eventmgr.EventManager.dispatchEvent(EventManager.java:230)
	at org.eclipse.osgi.framework.eventmgr.EventManager$EventThread.run(EventManager.java:340)
[2019-07-02 12:42:06,395] ERROR {org.wso2.carbon.user.core.internal.Activator} -  Cannot start User Manager Core bundle
org.wso2.carbon.user.core.UserStoreException: Cannot initialize the realm.
	at org.wso2.carbon.user.core.common.DefaultRealmService.initializeRealm(DefaultRealmService.java:274)
	at org.wso2.carbon.user.core.common.DefaultRealmService.<init>(DefaultRealmService.java:102)
	at org.wso2.carbon.user.core.common.DefaultRealmService.<init>(DefaultRealmService.java:115)
	at org.wso2.carbon.user.core.internal.Activator.startDeploy(Activator.java:72)
	at org.wso2.carbon.user.core.internal.BundleCheckActivator.start(BundleCheckActivator.java:61)
	at org.eclipse.osgi.framework.internal.core.BundleContextImpl$1.run(BundleContextImpl.java:711)
	at java.security.AccessController.doPrivileged(Native Method)
	at org.eclipse.osgi.framework.internal.core.BundleContextImpl.startActivator(BundleContextImpl.java:702)
	at org.eclipse.osgi.framework.internal.core.BundleContextImpl.start(BundleContextImpl.java:683)
	at org.eclipse.osgi.framework.internal.core.BundleHost.startWorker(BundleHost.java:381)
	at org.eclipse.osgi.framework.internal.core.AbstractBundle.resume(AbstractBundle.java:390)
	at org.eclipse.osgi.framework.internal.core.Framework.resumeBundle(Framework.java:1176)
	at org.eclipse.osgi.framework.internal.core.StartLevelManager.resumeBundles(StartLevelManager.java:559)
	at org.eclipse.osgi.framework.internal.core.StartLevelManager.resumeBundles(StartLevelManager.java:544)
	at org.eclipse.osgi.framework.internal.core.StartLevelManager.incFWSL(StartLevelManager.java:457)
	at org.eclipse.osgi.framework.internal.core.StartLevelManager.doSetStartLevel(StartLevelManager.java:243)
	at org.eclipse.osgi.framework.internal.core.StartLevelManager.dispatchEvent(StartLevelManager.java:438)
	at org.eclipse.osgi.framework.internal.core.StartLevelManager.dispatchEvent(StartLevelManager.java:1)
	at org.eclipse.osgi.framework.eventmgr.EventManager.dispatchEvent(EventManager.java:230)
	at org.eclipse.osgi.framework.eventmgr.EventManager$EventThread.run(EventManager.java:340)
Caused by: org.wso2.carbon.user.core.UserStoreException: Database Error - Driver:com.mysql.jdbc.Driver@4f2337b1 returned null for URL:
                        jdbc:mysql://eu-dev-cgard.c3tizvodsd5h.eu-central-1.rds.amazonaws.com:3306/DEV_WSO2EI_USERSTORE_DB?autoReconnect=true&useSSL=false
                    
	at org.wso2.carbon.user.core.claim.dao.ClaimDAO.getDialectCount(ClaimDAO.java:168)
	at org.wso2.carbon.user.core.common.DefaultRealm.populateProfileAndClaimMaps(DefaultRealm.java:442)
	at org.wso2.carbon.user.core.common.DefaultRealm.init(DefaultRealm.java:124)
	at org.wso2.carbon.user.core.common.DefaultRealmService.initializeRealm(DefaultRealmService.java:264)
	... 19 more
Caused by: java.sql.SQLException: Driver:com.mysql.jdbc.Driver@4f2337b1 returned null for URL:
                        jdbc:mysql://eu-dev-cgard.c3tizvodsd5h.eu-central-1.rds.amazonaws.com:3306/DEV_WSO2EI_USERSTORE_DB?autoReconnect=true&useSSL=false
                    
	at org.apache.tomcat.jdbc.pool.PooledConnection.connectUsingDriver(PooledConnection.java:296)
	at org.apache.tomcat.jdbc.pool.PooledConnection.connect(PooledConnection.java:182)
	at org.apache.tomcat.jdbc.pool.ConnectionPool.createConnection(ConnectionPool.java:730)
	at org.apache.tomcat.jdbc.pool.ConnectionPool.borrowConnection(ConnectionPool.java:664)
	at org.apache.tomcat.jdbc.pool.ConnectionPool.getConnection(ConnectionPool.java:200)
	at org.apache.tomcat.jdbc.pool.DataSourceProxy.getConnection(DataSourceProxy.java:127)
	at org.wso2.carbon.user.core.claim.dao.ClaimDAO.getDialectCount(ClaimDAO.java:158)
	... 22 more
[2019-07-02 12:46:57,744] ERROR {org.wso2.carbon.user.core.util.DatabaseUtil} -  Database Error - Driver:com.mysql.jdbc.Driver@4f2337b1 returned null for URL:
                        jdbc:mysql://eu-dev-cgard.c3tizvodsd5h.eu-central-1.rds.amazonaws.com:3306/DEV_WSO2EI_USERSTORE_DB?autoReconnect=true&useSSL=false
                    
java.sql.SQLException: Driver:com.mysql.jdbc.Driver@4f2337b1 returned null for URL:
                        jdbc:mysql://eu-dev-cgard.c3tizvodsd5h.eu-central-1.rds.amazonaws.com:3306/DEV_WSO2EI_USERSTORE_DB?autoReconnect=true&useSSL=false
                    
	at org.apache.tomcat.jdbc.pool.PooledConnection.connectUsingDriver(PooledConnection.java:296)
	at org.apache.tomcat.jdbc.pool.PooledConnection.connect(PooledConnection.java:182)
	at org.apache.tomcat.jdbc.pool.ConnectionPool.createConnection(ConnectionPool.java:730)
	at org.apache.tomcat.jdbc.pool.ConnectionPool.borrowConnection(ConnectionPool.java:664)
	at org.apache.tomcat.jdbc.pool.ConnectionPool.getConnection(ConnectionPool.java:200)
	at org.apache.tomcat.jdbc.pool.DataSourceProxy.getConnection(DataSourceProxy.java:127)
	at org.wso2.carbon.user.core.claim.dao.ClaimDAO.getDialectCount(ClaimDAO.java:158)
	at org.wso2.carbon.user.core.common.DefaultRealm.populateProfileAndClaimMaps(DefaultRealm.java:442)
	at org.wso2.carbon.user.core.common.DefaultRealm.init(DefaultRealm.java:124)
	at org.wso2.carbon.user.core.common.DefaultRealmService.initializeRealm(DefaultRealmService.java:264)
	at org.wso2.carbon.user.core.common.DefaultRealmService.<init>(DefaultRealmService.java:102)
	at org.wso2.carbon.user.core.common.DefaultRealmService.<init>(DefaultRealmService.java:115)
	at org.wso2.carbon.user.core.internal.Activator.startDeploy(Activator.java:72)
	at org.wso2.carbon.user.core.internal.BundleCheckActivator.start(BundleCheckActivator.java:61)
	at org.eclipse.osgi.framework.internal.core.BundleContextImpl$1.run(BundleContextImpl.java:711)
	at java.security.AccessController.doPrivileged(Native Method)
	at org.eclipse.osgi.framework.internal.core.BundleContextImpl.startActivator(BundleContextImpl.java:702)
	at org.eclipse.osgi.framework.internal.core.BundleContextImpl.start(BundleContextImpl.java:683)
	at org.eclipse.osgi.framework.internal.core.BundleHost.startWorker(BundleHost.java:381)
	at org.eclipse.osgi.framework.internal.core.AbstractBundle.resume(AbstractBundle.java:390)
	at org.eclipse.osgi.framework.internal.core.Framework.resumeBundle(Framework.java:1176)
	at org.eclipse.osgi.framework.internal.core.StartLevelManager.resumeBundles(StartLevelManager.java:559)
	at org.eclipse.osgi.framework.internal.core.StartLevelManager.resumeBundles(StartLevelManager.java:544)
	at org.eclipse.osgi.framework.internal.core.StartLevelManager.incFWSL(StartLevelManager.java:457)
	at org.eclipse.osgi.framework.internal.core.StartLevelManager.doSetStartLevel(StartLevelManager.java:243)
	at org.eclipse.osgi.framework.internal.core.StartLevelManager.dispatchEvent(StartLevelManager.java:438)
	at org.eclipse.osgi.framework.internal.core.StartLevelManager.dispatchEvent(StartLevelManager.java:1)
	at org.eclipse.osgi.framework.eventmgr.EventManager.dispatchEvent(EventManager.java:230)
	at org.eclipse.osgi.framework.eventmgr.EventManager$EventThread.run(EventManager.java:340)
[2019-07-02 12:46:57,768] ERROR {org.wso2.carbon.user.core.internal.Activator} -  Cannot start User Manager Core bundle
org.wso2.carbon.user.core.UserStoreException: Cannot initialize the realm.
	at org.wso2.carbon.user.core.common.DefaultRealmService.initializeRealm(DefaultRealmService.java:274)
	at org.wso2.carbon.user.core.common.DefaultRealmService.<init>(DefaultRealmService.java:102)
	at org.wso2.carbon.user.core.common.DefaultRealmService.<init>(DefaultRealmService.java:115)
	at org.wso2.carbon.user.core.internal.Activator.startDeploy(Activator.java:72)
	at org.wso2.carbon.user.core.internal.BundleCheckActivator.start(BundleCheckActivator.java:61)
	at org.eclipse.osgi.framework.internal.core.BundleContextImpl$1.run(BundleContextImpl.java:711)
	at java.security.AccessController.doPrivileged(Native Method)
	at org.eclipse.osgi.framework.internal.core.BundleContextImpl.startActivator(BundleContextImpl.java:702)
	at org.eclipse.osgi.framework.internal.core.BundleContextImpl.start(BundleContextImpl.java:683)
	at org.eclipse.osgi.framework.internal.core.BundleHost.startWorker(BundleHost.java:381)
	at org.eclipse.osgi.framework.internal.core.AbstractBundle.resume(AbstractBundle.java:390)
	at org.eclipse.osgi.framework.internal.core.Framework.resumeBundle(Framework.java:1176)
	at org.eclipse.osgi.framework.internal.core.StartLevelManager.resumeBundles(StartLevelManager.java:559)
	at org.eclipse.osgi.framework.internal.core.StartLevelManager.resumeBundles(StartLevelManager.java:544)
	at org.eclipse.osgi.framework.internal.core.StartLevelManager.incFWSL(StartLevelManager.java:457)
	at org.eclipse.osgi.framework.internal.core.StartLevelManager.doSetStartLevel(StartLevelManager.java:243)
	at org.eclipse.osgi.framework.internal.core.StartLevelManager.dispatchEvent(StartLevelManager.java:438)
	at org.eclipse.osgi.framework.internal.core.StartLevelManager.dispatchEvent(StartLevelManager.java:1)
	at org.eclipse.osgi.framework.eventmgr.EventManager.dispatchEvent(EventManager.java:230)
	at org.eclipse.osgi.framework.eventmgr.EventManager$EventThread.run(EventManager.java:340)
Caused by: org.wso2.carbon.user.core.UserStoreException: Database Error - Driver:com.mysql.jdbc.Driver@4f2337b1 returned null for URL:
                        jdbc:mysql://eu-dev-cgard.c3tizvodsd5h.eu-central-1.rds.amazonaws.com:3306/DEV_WSO2EI_USERSTORE_DB?autoReconnect=true&useSSL=false
                    
	at org.wso2.carbon.user.core.claim.dao.ClaimDAO.getDialectCount(ClaimDAO.java:168)
	at org.wso2.carbon.user.core.common.DefaultRealm.populateProfileAndClaimMaps(DefaultRealm.java:442)
	at org.wso2.carbon.user.core.common.DefaultRealm.init(DefaultRealm.java:124)
	at org.wso2.carbon.user.core.common.DefaultRealmService.initializeRealm(DefaultRealmService.java:264)
	... 19 more
Caused by: java.sql.SQLException: Driver:com.mysql.jdbc.Driver@4f2337b1 returned null for URL:
                        jdbc:mysql://eu-dev-cgard.c3tizvodsd5h.eu-central-1.rds.amazonaws.com:3306/DEV_WSO2EI_USERSTORE_DB?autoReconnect=true&useSSL=false
                    
	at org.apache.tomcat.jdbc.pool.PooledConnection.connectUsingDriver(PooledConnection.java:296)
	at org.apache.tomcat.jdbc.pool.PooledConnection.connect(PooledConnection.java:182)
	at org.apache.tomcat.jdbc.pool.ConnectionPool.createConnection(ConnectionPool.java:730)
	at org.apache.tomcat.jdbc.pool.ConnectionPool.borrowConnection(ConnectionPool.java:664)
	at org.apache.tomcat.jdbc.pool.ConnectionPool.getConnection(ConnectionPool.java:200)
	at org.apache.tomcat.jdbc.pool.DataSourceProxy.getConnection(DataSourceProxy.java:127)
	at org.wso2.carbon.user.core.claim.dao.ClaimDAO.getDialectCount(ClaimDAO.java:158)
	... 22 more
